digraph Tree {
node [shape=box, style="filled, rounded", color="black", fontname=helvetica] ;
edge [fontname=helvetica] ;
0 [label=<Account Balance &le; 2.5<br/>gini = 0.42<br/>samples = 1000<br/>value = [300, 700]<br/>class = Accepted>, fillcolor="#399de592"] ;
1 [label=<Duration of Credit (month) &le; 22.5<br/>gini = 0.4933<br/>samples = 543<br/>value = [240, 303]<br/>class = Accepted>, fillcolor="#399de535"] ;
0 -> 1 [labeldistance=2.5, labelangle=45, headlabel="True"] ;
2 [label=<Payment Status of Previous Credit &le; 1.5<br/>gini = 0.4528<br/>samples = 306<br/>value = [106, 200]<br/>class = Accepted>, fillcolor="#399de578"] ;
1 -> 2 ;
3 [label=<Purpose &le; 7.0<br/>gini = 0.375<br/>samples = 28<br/>value = [21, 7]<br/>class = Rejected>, fillcolor="#e58139aa"] ;
2 -> 3 ;
4 [label=<gini = 0.2688<br/>samples = 25<br/>value = [21, 4]<br/>class = Rejected>, fillcolor="#e58139ce"] ;
3 -> 4 ;
5 [label=<gini = 0.0<br/>samples = 3<br/>value = [0, 3]<br/>class = Accepted>, fillcolor="#399de5ff"] ;
3 -> 5 ;
6 [label=<Credit Amount &le; 7491.5<br/>gini = 0.4245<br/>samples = 278<br/>value = [85, 193]<br/>class = Accepted>, fillcolor="#399de58f"] ;
2 -> 6 ;
7 [label=<gini = 0.4131<br/>samples = 271<br/>value = [79, 192]<br/>class = Accepted>, fillcolor="#399de596"] ;
6 -> 7 ;
8 [label=<gini = 0.2449<br/>samples = 7<br/>value = [6, 1]<br/>class = Rejected>, fillcolor="#e58139d4"] ;
6 -> 8 ;
9 [label=<Value Savings/Stocks &le; 3.5<br/>gini = 0.4914<br/>samples = 237<br/>value = [134, 103]<br/>class = Rejected>, fillcolor="#e581393b"] ;
1 -> 9 ;
10 [label=<Duration of Credit (month) &le; 47.5<br/>gini = 0.47<br/>samples = 196<br/>value = [122, 74]<br/>class = Rejected>, fillcolor="#e5813964"] ;
9 -> 10 ;
11 [label=<gini = 0.4905<br/>samples = 160<br/>value = [91, 69]<br/>class = Rejected>, fillcolor="#e581393e"] ;
10 -> 11 ;
12 [label=<gini = 0.2392<br/>samples = 36<br/>value = [31, 5]<br/>class = Rejected>, fillcolor="#e58139d6"] ;
10 -> 12 ;
13 [label=<Account Balance &le; 1.5<br/>gini = 0.414<br/>samples = 41<br/>value = [12, 29]<br/>class = Accepted>, fillcolor="#399de595"] ;
9 -> 13 ;
14 [label=<gini = 0.4844<br/>samples = 17<br/>value = [10, 7]<br/>class = Rejected>, fillcolor="#e581394d"] ;
13 -> 14 ;
15 [label=<gini = 0.1528<br/>samples = 24<br/>value = [2, 22]<br/>class = Accepted>, fillcolor="#399de5e8"] ;
13 -> 15 ;
16 [label=<Length of current employment &le; 3.5<br/>gini = 0.2281<br/>samples = 457<br/>value = [60, 397]<br/>class = Accepted>, fillcolor="#399de5d8"] ;
0 -> 16 [labeldistance=2.5, labelangle=-45, headlabel="False"] ;
17 [label=<Credit Amount &le; 4158.0<br/>gini = 0.2966<br/>samples = 243<br/>value = [44, 199]<br/>class = Accepted>, fillcolor="#399de5c7"] ;
16 -> 17 ;
18 [label=<Guarantors &le; 1.5<br/>gini = 0.2235<br/>samples = 195<br/>value = [25, 170]<br/>class = Accepted>, fillcolor="#399de5da"] ;
17 -> 18 ;
19 [label=<gini = 0.1956<br/>samples = 182<br/>value = [20, 162]<br/>class = Accepted>, fillcolor="#399de5e0"] ;
18 -> 19 ;
20 [label=<gini = 0.4734<br/>samples = 13<br/>value = [5, 8]<br/>class = Accepted>, fillcolor="#399de560"] ;
18 -> 20 ;
21 [label=<Credit Amount &le; 9569.0<br/>gini = 0.4783<br/>samples = 48<br/>value = [19, 29]<br/>class = Accepted>, fillcolor="#399de558"] ;
17 -> 21 ;
22 [label=<gini = 0.4543<br/>samples = 43<br/>value = [15, 28]<br/>class = Accepted>, fillcolor="#399de576"] ;
21 -> 22 ;
23 [label=<gini = 0.32<br/>samples = 5<br/>value = [4, 1]<br/>class = Rejected>, fillcolor="#e58139bf"] ;
21 -> 23 ;
24 [label=<No of dependents &le; 1.5<br/>gini = 0.1384<br/>samples = 214<br/>value = [16, 198]<br/>class = Accepted>, fillcolor="#399de5ea"] ;
16 -> 24 ;
25 [label=<Age (years) &le; 22.5<br/>gini = 0.0887<br/>samples = 172<br/>value = [8, 164]<br/>class = Accepted>, fillcolor="#399de5f3"] ;
24 -> 25 ;
26 [label=<gini = 0.4082<br/>samples = 7<br/>value = [2, 5]<br/>class = Accepted>, fillcolor="#399de599"] ;
25 -> 26 ;
27 [label=<gini = 0.0701<br/>samples = 165<br/>value = [6, 159]<br/>class = Accepted>, fillcolor="#399de5f5"] ;
25 -> 27 ;
28 [label=<Credit Amount &le; 1270.0<br/>gini = 0.3084<br/>samples = 42<br/>value = [8, 34]<br/>class = Accepted>, fillcolor="#399de5c3"] ;
24 -> 28 ;
29 [label=<gini = 0.4444<br/>samples = 6<br/>value = [4, 2]<br/>class = Rejected>, fillcolor="#e581397f"] ;
28 -> 29 ;
30 [label=<gini = 0.1975<br/>samples = 36<br/>value = [4, 32]<br/>class = Accepted>, fillcolor="#399de5df"] ;
28 -> 30 ;
}