digraph Tree {
node [shape=box, style="filled, rounded", color="black", fontname=helvetica] ;
edge [fontname=helvetica] ;
0 [label=<Account Balance &le; 2.5<br/>gini = 0.42<br/>samples = 1000<br/>value = [300, 700]<br/>class = r>, fillcolor="#399de592"] ;
1 [label=<Duration of Credit (month) &le; 22.5<br/>gini = 0.4933<br/>samples = 543<br/>value = [240, 303]<br/>class = r>, fillcolor="#399de535"] ;
0 -> 1 [labeldistance=2.5, labelangle=45, headlabel="True"] ;
2 [label=<Payment Status of Previous Credit &le; 1.5<br/>gini = 0.4528<br/>samples = 306<br/>value = [106, 200]<br/>class = r>, fillcolor="#399de578"] ;
1 -> 2 ;
3 [label=<Purpose &le; 7.0<br/>gini = 0.375<br/>samples = 28<br/>value = [21, 7]<br/>class = C>, fillcolor="#e58139aa"] ;
2 -> 3 ;
4 [label=<Duration in Current address &le; 3.5<br/>gini = 0.2688<br/>samples = 25<br/>value = [21, 4]<br/>class = C>, fillcolor="#e58139ce"] ;
3 -> 4 ;
5 [label=<gini = 0.0<br/>samples = 15<br/>value = [15, 0]<br/>class = C>, fillcolor="#e58139ff"] ;
4 -> 5 ;
6 [label=<Account Balance &le; 1.5<br/>gini = 0.48<br/>samples = 10<br/>value = [6, 4]<br/>class = C>, fillcolor="#e5813955"] ;
4 -> 6 ;
7 [label=<Guarantors &le; 1.5<br/>gini = 0.2778<br/>samples = 6<br/>value = [5, 1]<br/>class = C>, fillcolor="#e58139cc"] ;
6 -> 7 ;
8 [label=<gini = 0.0<br/>samples = 5<br/>value = [5, 0]<br/>class = C>, fillcolor="#e58139ff"] ;
7 -> 8 ;
9 [label=<gini = 0.0<br/>samples = 1<br/>value = [0, 1]<br/>class = r>, fillcolor="#399de5ff"] ;
7 -> 9 ;
10 [label=<Age (years) &le; 53.5<br/>gini = 0.375<br/>samples = 4<br/>value = [1, 3]<br/>class = r>, fillcolor="#399de5aa"] ;
6 -> 10 ;
11 [label=<gini = 0.0<br/>samples = 3<br/>value = [0, 3]<br/>class = r>, fillcolor="#399de5ff"] ;
10 -> 11 ;
12 [label=<gini = 0.0<br/>samples = 1<br/>value = [1, 0]<br/>class = C>, fillcolor="#e58139ff"] ;
10 -> 12 ;
13 [label=<gini = 0.0<br/>samples = 3<br/>value = [0, 3]<br/>class = r>, fillcolor="#399de5ff"] ;
3 -> 13 ;
14 [label=<Credit Amount &le; 7491.5<br/>gini = 0.4245<br/>samples = 278<br/>value = [85, 193]<br/>class = r>, fillcolor="#399de58f"] ;
2 -> 14 ;
15 [label=<Duration of Credit (month) &le; 11.5<br/>gini = 0.4131<br/>samples = 271<br/>value = [79, 192]<br/>class = r>, fillcolor="#399de596"] ;
14 -> 15 ;
16 [label=<Age (years) &le; 34.5<br/>gini = 0.2604<br/>samples = 78<br/>value = [12, 66]<br/>class = r>, fillcolor="#399de5d1"] ;
15 -> 16 ;
17 [label=<Most valuable available asset &le; 1.5<br/>gini = 0.4224<br/>samples = 33<br/>value = [10, 23]<br/>class = r>, fillcolor="#399de590"] ;
16 -> 17 ;
18 [label=<Duration in Current address &le; 3.5<br/>gini = 0.1172<br/>samples = 16<br/>value = [1, 15]<br/>class = r>, fillcolor="#399de5ee"] ;
17 -> 18 ;
19 [label=<gini = 0.0<br/>samples = 12<br/>value = [0, 12]<br/>class = r>, fillcolor="#399de5ff"] ;
18 -> 19 ;
20 [label=<Credit Amount &le; 1221.5<br/>gini = 0.375<br/>samples = 4<br/>value = [1, 3]<br/>class = r>, fillcolor="#399de5aa"] ;
18 -> 20 ;
21 [label=<gini = 0.0<br/>samples = 3<br/>value = [0, 3]<br/>class = r>, fillcolor="#399de5ff"] ;
20 -> 21 ;
22 [label=<gini = 0.0<br/>samples = 1<br/>value = [1, 0]<br/>class = C>, fillcolor="#e58139ff"] ;
20 -> 22 ;
23 [label=<Duration of Credit (month) &le; 7.5<br/>gini = 0.4983<br/>samples = 17<br/>value = [9, 8]<br/>class = C>, fillcolor="#e581391c"] ;
17 -> 23 ;
24 [label=<Credit Amount &le; 451.0<br/>gini = 0.2449<br/>samples = 7<br/>value = [1, 6]<br/>class = r>, fillcolor="#399de5d4"] ;
23 -> 24 ;
25 [label=<gini = 0.0<br/>samples = 1<br/>value = [1, 0]<br/>class = C>, fillcolor="#e58139ff"] ;
24 -> 25 ;
26 [label=<gini = 0.0<br/>samples = 6<br/>value = [0, 6]<br/>class = r>, fillcolor="#399de5ff"] ;
24 -> 26 ;
27 [label=<Credit Amount &le; 1511.0<br/>gini = 0.32<br/>samples = 10<br/>value = [8, 2]<br/>class = C>, fillcolor="#e58139bf"] ;
23 -> 27 ;
28 [label=<gini = 0.0<br/>samples = 7<br/>value = [7, 0]<br/>class = C>, fillcolor="#e58139ff"] ;
27 -> 28 ;
29 [label=<Age (years) &le; 23.0<br/>gini = 0.4444<br/>samples = 3<br/>value = [1, 2]<br/>class = r>, fillcolor="#399de57f"] ;
27 -> 29 ;
30 [label=<gini = 0.0<br/>samples = 1<br/>value = [1, 0]<br/>class = C>, fillcolor="#e58139ff"] ;
29 -> 30 ;
31 [label=<gini = 0.0<br/>samples = 2<br/>value = [0, 2]<br/>class = r>, fillcolor="#399de5ff"] ;
29 -> 31 ;
32 [label=<Sex and Marital Status &le; 1.5<br/>gini = 0.0849<br/>samples = 45<br/>value = [2, 43]<br/>class = r>, fillcolor="#399de5f3"] ;
16 -> 32 ;
33 [label=<gini = 0.0<br/>samples = 1<br/>value = [1, 0]<br/>class = C>, fillcolor="#e58139ff"] ;
32 -> 33 ;
34 [label=<Length of current employment &le; 1.5<br/>gini = 0.0444<br/>samples = 44<br/>value = [1, 43]<br/>class = r>, fillcolor="#399de5f9"] ;
32 -> 34 ;
35 [label=<Credit Amount &le; 1291.5<br/>gini = 0.32<br/>samples = 5<br/>value = [1, 4]<br/>class = r>, fillcolor="#399de5bf"] ;
34 -> 35 ;
36 [label=<Foreign Worker &le; 1.5<br/>gini = 0.5<br/>samples = 2<br/>value = [1, 1]<br/>class = C>, fillcolor="#e5813900"] ;
35 -> 36 ;
37 [label=<gini = 0.0<br/>samples = 1<br/>value = [1, 0]<br/>class = C>, fillcolor="#e58139ff"] ;
36 -> 37 ;
38 [label=<gini = 0.0<br/>samples = 1<br/>value = [0, 1]<br/>class = r>, fillcolor="#399de5ff"] ;
36 -> 38 ;
39 [label=<gini = 0.0<br/>samples = 3<br/>value = [0, 3]<br/>class = r>, fillcolor="#399de5ff"] ;
35 -> 39 ;
40 [label=<gini = 0.0<br/>samples = 39<br/>value = [0, 39]<br/>class = r>, fillcolor="#399de5ff"] ;
34 -> 40 ;
41 [label=<Credit Amount &le; 1387.5<br/>gini = 0.4533<br/>samples = 193<br/>value = [67, 126]<br/>class = r>, fillcolor="#399de577"] ;
15 -> 41 ;
42 [label=<Most valuable available asset &le; 2.5<br/>gini = 0.4999<br/>samples = 73<br/>value = [37, 36]<br/>class = C>, fillcolor="#e5813907"] ;
41 -> 42 ;
43 [label=<Guarantors &le; 1.5<br/>gini = 0.4608<br/>samples = 50<br/>value = [18, 32]<br/>class = r>, fillcolor="#399de570"] ;
42 -> 43 ;
44 [label=<Payment Status of Previous Credit &le; 2.5<br/>gini = 0.4945<br/>samples = 38<br/>value = [17, 21]<br/>class = r>, fillcolor="#399de531"] ;
43 -> 44 ;
45 [label=<Value Savings/Stocks &le; 3.5<br/>gini = 0.4978<br/>samples = 30<br/>value = [16, 14]<br/>class = C>, fillcolor="#e5813920"] ;
44 -> 45 ;
46 [label=<Credit Amount &le; 1178.0<br/>gini = 0.4537<br/>samples = 23<br/>value = [15, 8]<br/>class = C>, fillcolor="#e5813977"] ;
45 -> 46 ;
47 [label=<Credit Amount &le; 969.5<br/>gini = 0.4983<br/>samples = 17<br/>value = [9, 8]<br/>class = C>, fillcolor="#e581391c"] ;
46 -> 47 ;
48 [label=<Purpose &le; 8.5<br/>gini = 0.426<br/>samples = 13<br/>value = [9, 4]<br/>class = C>, fillcolor="#e581398e"] ;
47 -> 48 ;
49 [label=<Credit Amount &le; 705.0<br/>gini = 0.2975<br/>samples = 11<br/>value = [9, 2]<br/>class = C>, fillcolor="#e58139c6"] ;
48 -> 49 ;
50 [label=<Value Savings/Stocks &le; 1.5<br/>gini = 0.4444<br/>samples = 3<br/>value = [1, 2]<br/>class = r>, fillcolor="#399de57f"] ;
49 -> 50 ;
51 [label=<gini = 0.0<br/>samples = 2<br/>value = [0, 2]<br/>class = r>, fillcolor="#399de5ff"] ;
50 -> 51 ;
52 [label=<gini = 0.0<br/>samples = 1<br/>value = [1, 0]<br/>class = C>, fillcolor="#e58139ff"] ;
50 -> 52 ;
53 [label=<gini = 0.0<br/>samples = 8<br/>value = [8, 0]<br/>class = C>, fillcolor="#e58139ff"] ;
49 -> 53 ;
54 [label=<gini = 0.0<br/>samples = 2<br/>value = [0, 2]<br/>class = r>, fillcolor="#399de5ff"] ;
48 -> 54 ;
55 [label=<gini = 0.0<br/>samples = 4<br/>value = [0, 4]<br/>class = r>, fillcolor="#399de5ff"] ;
47 -> 55 ;
56 [label=<gini = 0.0<br/>samples = 6<br/>value = [6, 0]<br/>class = C>, fillcolor="#e58139ff"] ;
46 -> 56 ;
57 [label=<Duration of Credit (month) &le; 15.0<br/>gini = 0.2449<br/>samples = 7<br/>value = [1, 6]<br/>class = r>, fillcolor="#399de5d4"] ;
45 -> 57 ;
58 [label=<gini = 0.0<br/>samples = 6<br/>value = [0, 6]<br/>class = r>, fillcolor="#399de5ff"] ;
57 -> 58 ;
59 [label=<gini = 0.0<br/>samples = 1<br/>value = [1, 0]<br/>class = C>, fillcolor="#e58139ff"] ;
57 -> 59 ;
60 [label=<Length of current employment &le; 4.5<br/>gini = 0.2188<br/>samples = 8<br/>value = [1, 7]<br/>class = r>, fillcolor="#399de5db"] ;
44 -> 60 ;
61 [label=<gini = 0.0<br/>samples = 6<br/>value = [0, 6]<br/>class = r>, fillcolor="#399de5ff"] ;
60 -> 61 ;
62 [label=<Age (years) &le; 50.0<br/>gini = 0.5<br/>samples = 2<br/>value = [1, 1]<br/>class = C>, fillcolor="#e5813900"] ;
60 -> 62 ;
63 [label=<gini = 0.0<br/>samples = 1<br/>value = [1, 0]<br/>class = C>, fillcolor="#e58139ff"] ;
62 -> 63 ;
64 [label=<gini = 0.0<br/>samples = 1<br/>value = [0, 1]<br/>class = r>, fillcolor="#399de5ff"] ;
62 -> 64 ;
65 [label=<Purpose &le; 1.0<br/>gini = 0.1528<br/>samples = 12<br/>value = [1, 11]<br/>class = r>, fillcolor="#399de5e8"] ;
43 -> 65 ;
66 [label=<gini = 0.0<br/>samples = 1<br/>value = [1, 0]<br/>class = C>, fillcolor="#e58139ff"] ;
65 -> 66 ;
67 [label=<gini = 0.0<br/>samples = 11<br/>value = [0, 11]<br/>class = r>, fillcolor="#399de5ff"] ;
65 -> 67 ;
68 [label=<Age (years) &le; 58.0<br/>gini = 0.2873<br/>samples = 23<br/>value = [19, 4]<br/>class = C>, fillcolor="#e58139c9"] ;
42 -> 68 ;
69 [label=<Sex and Marital Status &le; 1.5<br/>gini = 0.1723<br/>samples = 21<br/>value = [19, 2]<br/>class = C>, fillcolor="#e58139e4"] ;
68 -> 69 ;
70 [label=<Telephone &le; 1.5<br/>gini = 0.5<br/>samples = 2<br/>value = [1, 1]<br/>class = C>, fillcolor="#e5813900"] ;
69 -> 70 ;
71 [label=<gini = 0.0<br/>samples = 1<br/>value = [1, 0]<br/>class = C>, fillcolor="#e58139ff"] ;
70 -> 71 ;
72 [label=<gini = 0.0<br/>samples = 1<br/>value = [0, 1]<br/>class = r>, fillcolor="#399de5ff"] ;
70 -> 72 ;
73 [label=<Credit Amount &le; 1301.5<br/>gini = 0.0997<br/>samples = 19<br/>value = [18, 1]<br/>class = C>, fillcolor="#e58139f1"] ;
69 -> 73 ;
74 [label=<gini = 0.0<br/>samples = 17<br/>value = [17, 0]<br/>class = C>, fillcolor="#e58139ff"] ;
73 -> 74 ;
75 [label=<Duration in Current address &le; 2.5<br/>gini = 0.5<br/>samples = 2<br/>value = [1, 1]<br/>class = C>, fillcolor="#e5813900"] ;
73 -> 75 ;
76 [label=<gini = 0.0<br/>samples = 1<br/>value = [1, 0]<br/>class = C>, fillcolor="#e58139ff"] ;
75 -> 76 ;
77 [label=<gini = 0.0<br/>samples = 1<br/>value = [0, 1]<br/>class = r>, fillcolor="#399de5ff"] ;
75 -> 77 ;
78 [label=<gini = 0.0<br/>samples = 2<br/>value = [0, 2]<br/>class = r>, fillcolor="#399de5ff"] ;
68 -> 78 ;
79 [label=<Age (years) &le; 57.5<br/>gini = 0.375<br/>samples = 120<br/>value = [30, 90]<br/>class = r>, fillcolor="#399de5aa"] ;
41 -> 79 ;
80 [label=<Purpose &le; 7.5<br/>gini = 0.3543<br/>samples = 113<br/>value = [26, 87]<br/>class = r>, fillcolor="#399de5b3"] ;
79 -> 80 ;
81 [label=<Age (years) &le; 20.5<br/>gini = 0.3823<br/>samples = 101<br/>value = [26, 75]<br/>class = r>, fillcolor="#399de5a7"] ;
80 -> 81 ;
82 [label=<gini = 0.0<br/>samples = 1<br/>value = [1, 0]<br/>class = C>, fillcolor="#e58139ff"] ;
81 -> 82 ;
83 [label=<Purpose &le; 5.5<br/>gini = 0.375<br/>samples = 100<br/>value = [25, 75]<br/>class = r>, fillcolor="#399de5aa"] ;
81 -> 83 ;
84 [label=<Credit Amount &le; 1819.5<br/>gini = 0.3673<br/>samples = 99<br/>value = [24, 75]<br/>class = r>, fillcolor="#399de5ad"] ;
83 -> 84 ;
85 [label=<Sex and Marital Status &le; 3.5<br/>gini = 0.1884<br/>samples = 19<br/>value = [2, 17]<br/>class = r>, fillcolor="#399de5e1"] ;
84 -> 85 ;
86 [label=<gini = 0.0<br/>samples = 15<br/>value = [0, 15]<br/>class = r>, fillcolor="#399de5ff"] ;
85 -> 86 ;
87 [label=<Age (years) &le; 27.5<br/>gini = 0.5<br/>samples = 4<br/>value = [2, 2]<br/>class = C>, fillcolor="#e5813900"] ;
85 -> 87 ;
88 [label=<gini = 0.0<br/>samples = 2<br/>value = [2, 0]<br/>class = C>, fillcolor="#e58139ff"] ;
87 -> 88 ;
89 [label=<gini = 0.0<br/>samples = 2<br/>value = [0, 2]<br/>class = r>, fillcolor="#399de5ff"] ;
87 -> 89 ;
90 [label=<Credit Amount &le; 1932.0<br/>gini = 0.3988<br/>samples = 80<br/>value = [22, 58]<br/>class = r>, fillcolor="#399de59e"] ;
84 -> 90 ;
91 [label=<Most valuable available asset &le; 1.5<br/>gini = 0.5<br/>samples = 10<br/>value = [5, 5]<br/>class = C>, fillcolor="#e5813900"] ;
90 -> 91 ;
92 [label=<gini = 0.0<br/>samples = 3<br/>value = [3, 0]<br/>class = C>, fillcolor="#e58139ff"] ;
91 -> 92 ;
93 [label=<Credit Amount &le; 1881.0<br/>gini = 0.4082<br/>samples = 7<br/>value = [2, 5]<br/>class = r>, fillcolor="#399de599"] ;
91 -> 93 ;
94 [label=<gini = 0.0<br/>samples = 4<br/>value = [0, 4]<br/>class = r>, fillcolor="#399de5ff"] ;
93 -> 94 ;
95 [label=<Telephone &le; 1.5<br/>gini = 0.4444<br/>samples = 3<br/>value = [2, 1]<br/>class = C>, fillcolor="#e581397f"] ;
93 -> 95 ;
96 [label=<gini = 0.0<br/>samples = 2<br/>value = [2, 0]<br/>class = C>, fillcolor="#e58139ff"] ;
95 -> 96 ;
97 [label=<gini = 0.0<br/>samples = 1<br/>value = [0, 1]<br/>class = r>, fillcolor="#399de5ff"] ;
95 -> 97 ;
98 [label=<Account Balance &le; 1.5<br/>gini = 0.3678<br/>samples = 70<br/>value = [17, 53]<br/>class = r>, fillcolor="#399de5ad"] ;
90 -> 98 ;
99 [label=<Value Savings/Stocks &le; 1.5<br/>gini = 0.4501<br/>samples = 38<br/>value = [13, 25]<br/>class = r>, fillcolor="#399de57a"] ;
98 -> 99 ;
100 [label=<Instalment per cent &le; 1.5<br/>gini = 0.4911<br/>samples = 30<br/>value = [13, 17]<br/>class = r>, fillcolor="#399de53c"] ;
99 -> 100 ;
101 [label=<Age (years) &le; 30.0<br/>gini = 0.2449<br/>samples = 7<br/>value = [1, 6]<br/>class = r>, fillcolor="#399de5d4"] ;
100 -> 101 ;
102 [label=<gini = 0.0<br/>samples = 6<br/>value = [0, 6]<br/>class = r>, fillcolor="#399de5ff"] ;
101 -> 102 ;
103 [label=<gini = 0.0<br/>samples = 1<br/>value = [1, 0]<br/>class = C>, fillcolor="#e58139ff"] ;
101 -> 103 ;
104 [label=<Occupation &le; 3.5<br/>gini = 0.4991<br/>samples = 23<br/>value = [12, 11]<br/>class = C>, fillcolor="#e5813915"] ;
100 -> 104 ;
105 [label=<Credit Amount &le; 2224.5<br/>gini = 0.48<br/>samples = 20<br/>value = [12, 8]<br/>class = C>, fillcolor="#e5813955"] ;
104 -> 105 ;
106 [label=<Duration of Credit (month) &le; 15.0<br/>gini = 0.32<br/>samples = 5<br/>value = [1, 4]<br/>class = r>, fillcolor="#399de5bf"] ;
105 -> 106 ;
107 [label=<gini = 0.0<br/>samples = 4<br/>value = [0, 4]<br/>class = r>, fillcolor="#399de5ff"] ;
106 -> 107 ;
108 [label=<gini = 0.0<br/>samples = 1<br/>value = [1, 0]<br/>class = C>, fillcolor="#e58139ff"] ;
106 -> 108 ;
109 [label=<Purpose &le; 1.5<br/>gini = 0.3911<br/>samples = 15<br/>value = [11, 4]<br/>class = C>, fillcolor="#e58139a2"] ;
105 -> 109 ;
110 [label=<gini = 0.0<br/>samples = 7<br/>value = [7, 0]<br/>class = C>, fillcolor="#e58139ff"] ;
109 -> 110 ;
111 [label=<Age (years) &le; 24.5<br/>gini = 0.5<br/>samples = 8<br/>value = [4, 4]<br/>class = C>, fillcolor="#e5813900"] ;
109 -> 111 ;
112 [label=<gini = 0.0<br/>samples = 2<br/>value = [2, 0]<br/>class = C>, fillcolor="#e58139ff"] ;
111 -> 112 ;
113 [label=<Sex and Marital Status &le; 2.5<br/>gini = 0.4444<br/>samples = 6<br/>value = [2, 4]<br/>class = r>, fillcolor="#399de57f"] ;
111 -> 113 ;
114 [label=<gini = 0.0<br/>samples = 3<br/>value = [0, 3]<br/>class = r>, fillcolor="#399de5ff"] ;
113 -> 114 ;
115 [label=<Most valuable available asset &le; 2.5<br/>gini = 0.4444<br/>samples = 3<br/>value = [2, 1]<br/>class = C>, fillcolor="#e581397f"] ;
113 -> 115 ;
116 [label=<gini = 0.0<br/>samples = 1<br/>value = [0, 1]<br/>class = r>, fillcolor="#399de5ff"] ;
115 -> 116 ;
117 [label=<gini = 0.0<br/>samples = 2<br/>value = [2, 0]<br/>class = C>, fillcolor="#e58139ff"] ;
115 -> 117 ;
118 [label=<gini = 0.0<br/>samples = 3<br/>value = [0, 3]<br/>class = r>, fillcolor="#399de5ff"] ;
104 -> 118 ;
119 [label=<gini = 0.0<br/>samples = 8<br/>value = [0, 8]<br/>class = r>, fillcolor="#399de5ff"] ;
99 -> 119 ;
120 [label=<Most valuable available asset &le; 3.5<br/>gini = 0.2188<br/>samples = 32<br/>value = [4, 28]<br/>class = r>, fillcolor="#399de5db"] ;
98 -> 120 ;
121 [label=<Credit Amount &le; 2770.5<br/>gini = 0.1284<br/>samples = 29<br/>value = [2, 27]<br/>class = r>, fillcolor="#399de5ec"] ;
120 -> 121 ;
122 [label=<Credit Amount &le; 2753.5<br/>gini = 0.2975<br/>samples = 11<br/>value = [2, 9]<br/>class = r>, fillcolor="#399de5c6"] ;
121 -> 122 ;
123 [label=<Type of apartment &le; 1.5<br/>gini = 0.18<br/>samples = 10<br/>value = [1, 9]<br/>class = r>, fillcolor="#399de5e3"] ;
122 -> 123 ;
124 [label=<Length of current employment &le; 3.5<br/>gini = 0.5<br/>samples = 2<br/>value = [1, 1]<br/>class = C>, fillcolor="#e5813900"] ;
123 -> 124 ;
125 [label=<gini = 0.0<br/>samples = 1<br/>value = [1, 0]<br/>class = C>, fillcolor="#e58139ff"] ;
124 -> 125 ;
126 [label=<gini = 0.0<br/>samples = 1<br/>value = [0, 1]<br/>class = r>, fillcolor="#399de5ff"] ;
124 -> 126 ;
127 [label=<gini = 0.0<br/>samples = 8<br/>value = [0, 8]<br/>class = r>, fillcolor="#399de5ff"] ;
123 -> 127 ;
128 [label=<gini = 0.0<br/>samples = 1<br/>value = [1, 0]<br/>class = C>, fillcolor="#e58139ff"] ;
122 -> 128 ;
129 [label=<gini = 0.0<br/>samples = 18<br/>value = [0, 18]<br/>class = r>, fillcolor="#399de5ff"] ;
121 -> 129 ;
130 [label=<Payment Status of Previous Credit &le; 3.5<br/>gini = 0.4444<br/>samples = 3<br/>value = [2, 1]<br/>class = C>, fillcolor="#e581397f"] ;
120 -> 130 ;
131 [label=<gini = 0.0<br/>samples = 2<br/>value = [2, 0]<br/>class = C>, fillcolor="#e58139ff"] ;
130 -> 131 ;
132 [label=<gini = 0.0<br/>samples = 1<br/>value = [0, 1]<br/>class = r>, fillcolor="#399de5ff"] ;
130 -> 132 ;
133 [label=<gini = 0.0<br/>samples = 1<br/>value = [1, 0]<br/>class = C>, fillcolor="#e58139ff"] ;
83 -> 133 ;
134 [label=<gini = 0.0<br/>samples = 12<br/>value = [0, 12]<br/>class = r>, fillcolor="#399de5ff"] ;
80 -> 134 ;
135 [label=<Duration in Current address &le; 3.5<br/>gini = 0.4898<br/>samples = 7<br/>value = [4, 3]<br/>class = C>, fillcolor="#e5813940"] ;
79 -> 135 ;
136 [label=<gini = 0.0<br/>samples = 3<br/>value = [3, 0]<br/>class = C>, fillcolor="#e58139ff"] ;
135 -> 136 ;
137 [label=<Type of apartment &le; 2.5<br/>gini = 0.375<br/>samples = 4<br/>value = [1, 3]<br/>class = r>, fillcolor="#399de5aa"] ;
135 -> 137 ;
138 [label=<gini = 0.0<br/>samples = 2<br/>value = [0, 2]<br/>class = r>, fillcolor="#399de5ff"] ;
137 -> 138 ;
139 [label=<Credit Amount &le; 2063.0<br/>gini = 0.5<br/>samples = 2<br/>value = [1, 1]<br/>class = C>, fillcolor="#e5813900"] ;
137 -> 139 ;
140 [label=<gini = 0.0<br/>samples = 1<br/>value = [0, 1]<br/>class = r>, fillcolor="#399de5ff"] ;
139 -> 140 ;
141 [label=<gini = 0.0<br/>samples = 1<br/>value = [1, 0]<br/>class = C>, fillcolor="#e58139ff"] ;
139 -> 141 ;
142 [label=<Payment Status of Previous Credit &le; 2.5<br/>gini = 0.2449<br/>samples = 7<br/>value = [6, 1]<br/>class = C>, fillcolor="#e58139d4"] ;
14 -> 142 ;
143 [label=<gini = 0.0<br/>samples = 6<br/>value = [6, 0]<br/>class = C>, fillcolor="#e58139ff"] ;
142 -> 143 ;
144 [label=<gini = 0.0<br/>samples = 1<br/>value = [0, 1]<br/>class = r>, fillcolor="#399de5ff"] ;
142 -> 144 ;
145 [label=<Value Savings/Stocks &le; 3.5<br/>gini = 0.4914<br/>samples = 237<br/>value = [134, 103]<br/>class = C>, fillcolor="#e581393b"] ;
1 -> 145 ;
146 [label=<Duration of Credit (month) &le; 47.5<br/>gini = 0.47<br/>samples = 196<br/>value = [122, 74]<br/>class = C>, fillcolor="#e5813964"] ;
145 -> 146 ;
147 [label=<Credit Amount &le; 2313.0<br/>gini = 0.4905<br/>samples = 160<br/>value = [91, 69]<br/>class = C>, fillcolor="#e581393e"] ;
146 -> 147 ;
148 [label=<Length of current employment &le; 3.5<br/>gini = 0.3682<br/>samples = 37<br/>value = [28, 9]<br/>class = C>, fillcolor="#e58139ad"] ;
147 -> 148 ;
149 [label=<Duration in Current address &le; 1.5<br/>gini = 0.1723<br/>samples = 21<br/>value = [19, 2]<br/>class = C>, fillcolor="#e58139e4"] ;
148 -> 149 ;
150 [label=<Sex and Marital Status &le; 3.5<br/>gini = 0.4444<br/>samples = 3<br/>value = [1, 2]<br/>class = r>, fillcolor="#399de57f"] ;
149 -> 150 ;
151 [label=<gini = 0.0<br/>samples = 2<br/>value = [0, 2]<br/>class = r>, fillcolor="#399de5ff"] ;
150 -> 151 ;
152 [label=<gini = 0.0<br/>samples = 1<br/>value = [1, 0]<br/>class = C>, fillcolor="#e58139ff"] ;
150 -> 152 ;
153 [label=<gini = 0.0<br/>samples = 18<br/>value = [18, 0]<br/>class = C>, fillcolor="#e58139ff"] ;
149 -> 153 ;
154 [label=<Purpose &le; 1.5<br/>gini = 0.4922<br/>samples = 16<br/>value = [9, 7]<br/>class = C>, fillcolor="#e5813939"] ;
148 -> 154 ;
155 [label=<gini = 0.0<br/>samples = 4<br/>value = [4, 0]<br/>class = C>, fillcolor="#e58139ff"] ;
154 -> 155 ;
156 [label=<Payment Status of Previous Credit &le; 1.5<br/>gini = 0.4861<br/>samples = 12<br/>value = [5, 7]<br/>class = r>, fillcolor="#399de549"] ;
154 -> 156 ;
157 [label=<gini = 0.0<br/>samples = 3<br/>value = [3, 0]<br/>class = C>, fillcolor="#e58139ff"] ;
156 -> 157 ;
158 [label=<Sex and Marital Status &le; 1.5<br/>gini = 0.3457<br/>samples = 9<br/>value = [2, 7]<br/>class = r>, fillcolor="#399de5b6"] ;
156 -> 158 ;
159 [label=<gini = 0.0<br/>samples = 1<br/>value = [1, 0]<br/>class = C>, fillcolor="#e58139ff"] ;
158 -> 159 ;
160 [label=<Instalment per cent &le; 2.5<br/>gini = 0.2188<br/>samples = 8<br/>value = [1, 7]<br/>class = r>, fillcolor="#399de5db"] ;
158 -> 160 ;
161 [label=<gini = 0.0<br/>samples = 1<br/>value = [1, 0]<br/>class = C>, fillcolor="#e58139ff"] ;
160 -> 161 ;
162 [label=<gini = 0.0<br/>samples = 7<br/>value = [0, 7]<br/>class = r>, fillcolor="#399de5ff"] ;
160 -> 162 ;
163 [label=<Credit Amount &le; 8015.5<br/>gini = 0.4997<br/>samples = 123<br/>value = [63, 60]<br/>class = C>, fillcolor="#e581390c"] ;
147 -> 163 ;
164 [label=<Credit Amount &le; 5332.0<br/>gini = 0.4968<br/>samples = 100<br/>value = [46, 54]<br/>class = r>, fillcolor="#399de526"] ;
163 -> 164 ;
165 [label=<Credit Amount &le; 3962.0<br/>gini = 0.498<br/>samples = 79<br/>value = [42, 37]<br/>class = C>, fillcolor="#e581391e"] ;
164 -> 165 ;
166 [label=<Age (years) &le; 21.5<br/>gini = 0.489<br/>samples = 54<br/>value = [23, 31]<br/>class = r>, fillcolor="#399de542"] ;
165 -> 166 ;
167 [label=<gini = 0.0<br/>samples = 3<br/>value = [3, 0]<br/>class = C>, fillcolor="#e58139ff"] ;
166 -> 167 ;
168 [label=<Purpose &le; 1.5<br/>gini = 0.4767<br/>samples = 51<br/>value = [20, 31]<br/>class = r>, fillcolor="#399de55a"] ;
166 -> 168 ;
169 [label=<Length of current employment &le; 2.5<br/>gini = 0.2778<br/>samples = 12<br/>value = [2, 10]<br/>class = r>, fillcolor="#399de5cc"] ;
168 -> 169 ;
170 [label=<Telephone &le; 1.5<br/>gini = 0.4444<br/>samples = 3<br/>value = [2, 1]<br/>class = C>, fillcolor="#e581397f"] ;
169 -> 170 ;
171 [label=<gini = 0.0<br/>samples = 2<br/>value = [2, 0]<br/>class = C>, fillcolor="#e58139ff"] ;
170 -> 171 ;
172 [label=<gini = 0.0<br/>samples = 1<br/>value = [0, 1]<br/>class = r>, fillcolor="#399de5ff"] ;
170 -> 172 ;
173 [label=<gini = 0.0<br/>samples = 9<br/>value = [0, 9]<br/>class = r>, fillcolor="#399de5ff"] ;
169 -> 173 ;
174 [label=<Credit Amount &le; 2353.5<br/>gini = 0.497<br/>samples = 39<br/>value = [18, 21]<br/>class = r>, fillcolor="#399de524"] ;
168 -> 174 ;
175 [label=<gini = 0.0<br/>samples = 3<br/>value = [0, 3]<br/>class = r>, fillcolor="#399de5ff"] ;
174 -> 175 ;
176 [label=<Age (years) &le; 30.5<br/>gini = 0.5<br/>samples = 36<br/>value = [18, 18]<br/>class = C>, fillcolor="#e5813900"] ;
174 -> 176 ;
177 [label=<Instalment per cent &le; 2.5<br/>gini = 0.4567<br/>samples = 17<br/>value = [6, 11]<br/>class = r>, fillcolor="#399de574"] ;
176 -> 177 ;
178 [label=<gini = 0.0<br/>samples = 5<br/>value = [0, 5]<br/>class = r>, fillcolor="#399de5ff"] ;
177 -> 178 ;
179 [label=<Type of apartment &le; 1.5<br/>gini = 0.5<br/>samples = 12<br/>value = [6, 6]<br/>class = C>, fillcolor="#e5813900"] ;
177 -> 179 ;
180 [label=<gini = 0.0<br/>samples = 3<br/>value = [3, 0]<br/>class = C>, fillcolor="#e58139ff"] ;
179 -> 180 ;
181 [label=<No of Credits at this Bank &le; 1.5<br/>gini = 0.4444<br/>samples = 9<br/>value = [3, 6]<br/>class = r>, fillcolor="#399de57f"] ;
179 -> 181 ;
182 [label=<No of dependents &le; 1.5<br/>gini = 0.375<br/>samples = 8<br/>value = [2, 6]<br/>class = r>, fillcolor="#399de5aa"] ;
181 -> 182 ;
183 [label=<Length of current employment &le; 3.5<br/>gini = 0.2449<br/>samples = 7<br/>value = [1, 6]<br/>class = r>, fillcolor="#399de5d4"] ;
182 -> 183 ;
184 [label=<gini = 0.0<br/>samples = 5<br/>value = [0, 5]<br/>class = r>, fillcolor="#399de5ff"] ;
183 -> 184 ;
185 [label=<Concurrent Credits &le; 2.0<br/>gini = 0.5<br/>samples = 2<br/>value = [1, 1]<br/>class = C>, fillcolor="#e5813900"] ;
183 -> 185 ;
186 [label=<gini = 0.0<br/>samples = 1<br/>value = [1, 0]<br/>class = C>, fillcolor="#e58139ff"] ;
185 -> 186 ;
187 [label=<gini = 0.0<br/>samples = 1<br/>value = [0, 1]<br/>class = r>, fillcolor="#399de5ff"] ;
185 -> 187 ;
188 [label=<gini = 0.0<br/>samples = 1<br/>value = [1, 0]<br/>class = C>, fillcolor="#e58139ff"] ;
182 -> 188 ;
189 [label=<gini = 0.0<br/>samples = 1<br/>value = [1, 0]<br/>class = C>, fillcolor="#e58139ff"] ;
181 -> 189 ;
190 [label=<No of Credits at this Bank &le; 1.5<br/>gini = 0.4654<br/>samples = 19<br/>value = [12, 7]<br/>class = C>, fillcolor="#e581396a"] ;
176 -> 190 ;
191 [label=<Guarantors &le; 2.5<br/>gini = 0.375<br/>samples = 16<br/>value = [12, 4]<br/>class = C>, fillcolor="#e58139aa"] ;
190 -> 191 ;
192 [label=<Age (years) &le; 57.0<br/>gini = 0.2449<br/>samples = 14<br/>value = [12, 2]<br/>class = C>, fillcolor="#e58139d4"] ;
191 -> 192 ;
193 [label=<Purpose &le; 7.0<br/>gini = 0.142<br/>samples = 13<br/>value = [12, 1]<br/>class = C>, fillcolor="#e58139ea"] ;
192 -> 193 ;
194 [label=<gini = 0.0<br/>samples = 10<br/>value = [10, 0]<br/>class = C>, fillcolor="#e58139ff"] ;
193 -> 194 ;
195 [label=<Sex and Marital Status &le; 2.5<br/>gini = 0.4444<br/>samples = 3<br/>value = [2, 1]<br/>class = C>, fillcolor="#e581397f"] ;
193 -> 195 ;
196 [label=<gini = 0.0<br/>samples = 1<br/>value = [0, 1]<br/>class = r>, fillcolor="#399de5ff"] ;
195 -> 196 ;
197 [label=<gini = 0.0<br/>samples = 2<br/>value = [2, 0]<br/>class = C>, fillcolor="#e58139ff"] ;
195 -> 197 ;
198 [label=<gini = 0.0<br/>samples = 1<br/>value = [0, 1]<br/>class = r>, fillcolor="#399de5ff"] ;
192 -> 198 ;
199 [label=<gini = 0.0<br/>samples = 2<br/>value = [0, 2]<br/>class = r>, fillcolor="#399de5ff"] ;
191 -> 199 ;
200 [label=<gini = 0.0<br/>samples = 3<br/>value = [0, 3]<br/>class = r>, fillcolor="#399de5ff"] ;
190 -> 200 ;
201 [label=<Duration in Current address &le; 1.5<br/>gini = 0.3648<br/>samples = 25<br/>value = [19, 6]<br/>class = C>, fillcolor="#e58139ae"] ;
165 -> 201 ;
202 [label=<gini = 0.0<br/>samples = 2<br/>value = [0, 2]<br/>class = r>, fillcolor="#399de5ff"] ;
201 -> 202 ;
203 [label=<Purpose &le; 2.5<br/>gini = 0.2873<br/>samples = 23<br/>value = [19, 4]<br/>class = C>, fillcolor="#e58139c9"] ;
201 -> 203 ;
204 [label=<Guarantors &le; 2.5<br/>gini = 0.3911<br/>samples = 15<br/>value = [11, 4]<br/>class = C>, fillcolor="#e58139a2"] ;
203 -> 204 ;
205 [label=<Duration of Credit (month) &le; 40.5<br/>gini = 0.3367<br/>samples = 14<br/>value = [11, 3]<br/>class = C>, fillcolor="#e58139b9"] ;
204 -> 205 ;
206 [label=<Credit Amount &le; 4209.0<br/>gini = 0.2604<br/>samples = 13<br/>value = [11, 2]<br/>class = C>, fillcolor="#e58139d1"] ;
205 -> 206 ;
207 [label=<Most valuable available asset &le; 2.5<br/>gini = 0.4444<br/>samples = 6<br/>value = [4, 2]<br/>class = C>, fillcolor="#e581397f"] ;
206 -> 207 ;
208 [label=<gini = 0.0<br/>samples = 1<br/>value = [0, 1]<br/>class = r>, fillcolor="#399de5ff"] ;
207 -> 208 ;
209 [label=<Instalment per cent &le; 2.5<br/>gini = 0.32<br/>samples = 5<br/>value = [4, 1]<br/>class = C>, fillcolor="#e58139bf"] ;
207 -> 209 ;
210 [label=<gini = 0.0<br/>samples = 1<br/>value = [0, 1]<br/>class = r>, fillcolor="#399de5ff"] ;
209 -> 210 ;
211 [label=<gini = 0.0<br/>samples = 4<br/>value = [4, 0]<br/>class = C>, fillcolor="#e58139ff"] ;
209 -> 211 ;
212 [label=<gini = 0.0<br/>samples = 7<br/>value = [7, 0]<br/>class = C>, fillcolor="#e58139ff"] ;
206 -> 212 ;
213 [label=<gini = 0.0<br/>samples = 1<br/>value = [0, 1]<br/>class = r>, fillcolor="#399de5ff"] ;
205 -> 213 ;
214 [label=<gini = 0.0<br/>samples = 1<br/>value = [0, 1]<br/>class = r>, fillcolor="#399de5ff"] ;
204 -> 214 ;
215 [label=<gini = 0.0<br/>samples = 8<br/>value = [8, 0]<br/>class = C>, fillcolor="#e58139ff"] ;
203 -> 215 ;
216 [label=<Instalment per cent &le; 3.5<br/>gini = 0.3084<br/>samples = 21<br/>value = [4, 17]<br/>class = r>, fillcolor="#399de5c3"] ;
164 -> 216 ;
217 [label=<Payment Status of Previous Credit &le; 1.5<br/>gini = 0.1172<br/>samples = 16<br/>value = [1, 15]<br/>class = r>, fillcolor="#399de5ee"] ;
216 -> 217 ;
218 [label=<gini = 0.0<br/>samples = 1<br/>value = [1, 0]<br/>class = C>, fillcolor="#e58139ff"] ;
217 -> 218 ;
219 [label=<gini = 0.0<br/>samples = 15<br/>value = [0, 15]<br/>class = r>, fillcolor="#399de5ff"] ;
217 -> 219 ;
220 [label=<Duration of Credit (month) &le; 30.0<br/>gini = 0.48<br/>samples = 5<br/>value = [3, 2]<br/>class = C>, fillcolor="#e5813955"] ;
216 -> 220 ;
221 [label=<gini = 0.0<br/>samples = 2<br/>value = [0, 2]<br/>class = r>, fillcolor="#399de5ff"] ;
220 -> 221 ;
222 [label=<gini = 0.0<br/>samples = 3<br/>value = [3, 0]<br/>class = C>, fillcolor="#e58139ff"] ;
220 -> 222 ;
223 [label=<Length of current employment &le; 1.5<br/>gini = 0.3856<br/>samples = 23<br/>value = [17, 6]<br/>class = C>, fillcolor="#e58139a5"] ;
163 -> 223 ;
224 [label=<gini = 0.0<br/>samples = 2<br/>value = [0, 2]<br/>class = r>, fillcolor="#399de5ff"] ;
223 -> 224 ;
225 [label=<Occupation &le; 2.5<br/>gini = 0.3084<br/>samples = 21<br/>value = [17, 4]<br/>class = C>, fillcolor="#e58139c3"] ;
223 -> 225 ;
226 [label=<Sex and Marital Status &le; 1.5<br/>gini = 0.4444<br/>samples = 3<br/>value = [1, 2]<br/>class = r>, fillcolor="#399de57f"] ;
225 -> 226 ;
227 [label=<gini = 0.0<br/>samples = 1<br/>value = [1, 0]<br/>class = C>, fillcolor="#e58139ff"] ;
226 -> 227 ;
228 [label=<gini = 0.0<br/>samples = 2<br/>value = [0, 2]<br/>class = r>, fillcolor="#399de5ff"] ;
226 -> 228 ;
229 [label=<Payment Status of Previous Credit &le; 2.5<br/>gini = 0.1975<br/>samples = 18<br/>value = [16, 2]<br/>class = C>, fillcolor="#e58139df"] ;
225 -> 229 ;
230 [label=<gini = 0.0<br/>samples = 11<br/>value = [11, 0]<br/>class = C>, fillcolor="#e58139ff"] ;
229 -> 230 ;
231 [label=<Most valuable available asset &le; 3.5<br/>gini = 0.4082<br/>samples = 7<br/>value = [5, 2]<br/>class = C>, fillcolor="#e5813999"] ;
229 -> 231 ;
232 [label=<gini = 0.0<br/>samples = 4<br/>value = [4, 0]<br/>class = C>, fillcolor="#e58139ff"] ;
231 -> 232 ;
233 [label=<Duration in Current address &le; 2.5<br/>gini = 0.4444<br/>samples = 3<br/>value = [1, 2]<br/>class = r>, fillcolor="#399de57f"] ;
231 -> 233 ;
234 [label=<gini = 0.0<br/>samples = 1<br/>value = [1, 0]<br/>class = C>, fillcolor="#e58139ff"] ;
233 -> 234 ;
235 [label=<gini = 0.0<br/>samples = 2<br/>value = [0, 2]<br/>class = r>, fillcolor="#399de5ff"] ;
233 -> 235 ;
236 [label=<Duration in Current address &le; 1.5<br/>gini = 0.2392<br/>samples = 36<br/>value = [31, 5]<br/>class = C>, fillcolor="#e58139d6"] ;
146 -> 236 ;
237 [label=<Sex and Marital Status &le; 3.5<br/>gini = 0.4444<br/>samples = 3<br/>value = [1, 2]<br/>class = r>, fillcolor="#399de57f"] ;
236 -> 237 ;
238 [label=<gini = 0.0<br/>samples = 2<br/>value = [0, 2]<br/>class = r>, fillcolor="#399de5ff"] ;
237 -> 238 ;
239 [label=<gini = 0.0<br/>samples = 1<br/>value = [1, 0]<br/>class = C>, fillcolor="#e58139ff"] ;
237 -> 239 ;
240 [label=<Length of current employment &le; 1.5<br/>gini = 0.1653<br/>samples = 33<br/>value = [30, 3]<br/>class = C>, fillcolor="#e58139e6"] ;
236 -> 240 ;
241 [label=<gini = 0.0<br/>samples = 1<br/>value = [0, 1]<br/>class = r>, fillcolor="#399de5ff"] ;
240 -> 241 ;
242 [label=<Credit Amount &le; 4942.0<br/>gini = 0.1172<br/>samples = 32<br/>value = [30, 2]<br/>class = C>, fillcolor="#e58139ee"] ;
240 -> 242 ;
243 [label=<Duration in Current address &le; 3.5<br/>gini = 0.375<br/>samples = 8<br/>value = [6, 2]<br/>class = C>, fillcolor="#e58139aa"] ;
242 -> 243 ;
244 [label=<gini = 0.0<br/>samples = 2<br/>value = [0, 2]<br/>class = r>, fillcolor="#399de5ff"] ;
243 -> 244 ;
245 [label=<gini = 0.0<br/>samples = 6<br/>value = [6, 0]<br/>class = C>, fillcolor="#e58139ff"] ;
243 -> 245 ;
246 [label=<gini = 0.0<br/>samples = 24<br/>value = [24, 0]<br/>class = C>, fillcolor="#e58139ff"] ;
242 -> 246 ;
247 [label=<Account Balance &le; 1.5<br/>gini = 0.414<br/>samples = 41<br/>value = [12, 29]<br/>class = r>, fillcolor="#399de595"] ;
145 -> 247 ;
248 [label=<No of Credits at this Bank &le; 1.5<br/>gini = 0.4844<br/>samples = 17<br/>value = [10, 7]<br/>class = C>, fillcolor="#e581394d"] ;
247 -> 248 ;
249 [label=<Instalment per cent &le; 2.5<br/>gini = 0.355<br/>samples = 13<br/>value = [10, 3]<br/>class = C>, fillcolor="#e58139b3"] ;
248 -> 249 ;
250 [label=<Age (years) &le; 23.0<br/>gini = 0.4444<br/>samples = 3<br/>value = [1, 2]<br/>class = r>, fillcolor="#399de57f"] ;
249 -> 250 ;
251 [label=<gini = 0.0<br/>samples = 1<br/>value = [1, 0]<br/>class = C>, fillcolor="#e58139ff"] ;
250 -> 251 ;
252 [label=<gini = 0.0<br/>samples = 2<br/>value = [0, 2]<br/>class = r>, fillcolor="#399de5ff"] ;
250 -> 252 ;
253 [label=<No of dependents &le; 1.5<br/>gini = 0.18<br/>samples = 10<br/>value = [9, 1]<br/>class = C>, fillcolor="#e58139e3"] ;
249 -> 253 ;
254 [label=<gini = 0.0<br/>samples = 9<br/>value = [9, 0]<br/>class = C>, fillcolor="#e58139ff"] ;
253 -> 254 ;
255 [label=<gini = 0.0<br/>samples = 1<br/>value = [0, 1]<br/>class = r>, fillcolor="#399de5ff"] ;
253 -> 255 ;
256 [label=<gini = 0.0<br/>samples = 4<br/>value = [0, 4]<br/>class = r>, fillcolor="#399de5ff"] ;
248 -> 256 ;
257 [label=<Credit Amount &le; 12296.5<br/>gini = 0.1528<br/>samples = 24<br/>value = [2, 22]<br/>class = r>, fillcolor="#399de5e8"] ;
247 -> 257 ;
258 [label=<Guarantors &le; 1.5<br/>gini = 0.0832<br/>samples = 23<br/>value = [1, 22]<br/>class = r>, fillcolor="#399de5f3"] ;
257 -> 258 ;
259 [label=<gini = 0.0<br/>samples = 21<br/>value = [0, 21]<br/>class = r>, fillcolor="#399de5ff"] ;
258 -> 259 ;
260 [label=<Payment Status of Previous Credit &le; 1.5<br/>gini = 0.5<br/>samples = 2<br/>value = [1, 1]<br/>class = C>, fillcolor="#e5813900"] ;
258 -> 260 ;
261 [label=<gini = 0.0<br/>samples = 1<br/>value = [0, 1]<br/>class = r>, fillcolor="#399de5ff"] ;
260 -> 261 ;
262 [label=<gini = 0.0<br/>samples = 1<br/>value = [1, 0]<br/>class = C>, fillcolor="#e58139ff"] ;
260 -> 262 ;
263 [label=<gini = 0.0<br/>samples = 1<br/>value = [1, 0]<br/>class = C>, fillcolor="#e58139ff"] ;
257 -> 263 ;
264 [label=<Length of current employment &le; 3.5<br/>gini = 0.2281<br/>samples = 457<br/>value = [60, 397]<br/>class = r>, fillcolor="#399de5d8"] ;
0 -> 264 [labeldistance=2.5, labelangle=-45, headlabel="False"] ;
265 [label=<Credit Amount &le; 4158.0<br/>gini = 0.2966<br/>samples = 243<br/>value = [44, 199]<br/>class = r>, fillcolor="#399de5c7"] ;
264 -> 265 ;
266 [label=<Guarantors &le; 1.5<br/>gini = 0.2235<br/>samples = 195<br/>value = [25, 170]<br/>class = r>, fillcolor="#399de5da"] ;
265 -> 266 ;
267 [label=<Purpose &le; 4.5<br/>gini = 0.1956<br/>samples = 182<br/>value = [20, 162]<br/>class = r>, fillcolor="#399de5e0"] ;
266 -> 267 ;
268 [label=<Payment Status of Previous Credit &le; 0.5<br/>gini = 0.1359<br/>samples = 150<br/>value = [11, 139]<br/>class = r>, fillcolor="#399de5eb"] ;
267 -> 268 ;
269 [label=<Occupation &le; 3.5<br/>gini = 0.5<br/>samples = 2<br/>value = [1, 1]<br/>class = C>, fillcolor="#e5813900"] ;
268 -> 269 ;
270 [label=<gini = 0.0<br/>samples = 1<br/>value = [0, 1]<br/>class = r>, fillcolor="#399de5ff"] ;
269 -> 270 ;
271 [label=<gini = 0.0<br/>samples = 1<br/>value = [1, 0]<br/>class = C>, fillcolor="#e58139ff"] ;
269 -> 271 ;
272 [label=<Duration of Credit (month) &le; 25.5<br/>gini = 0.126<br/>samples = 148<br/>value = [10, 138]<br/>class = r>, fillcolor="#399de5ed"] ;
268 -> 272 ;
273 [label=<Occupation &le; 2.5<br/>gini = 0.1078<br/>samples = 140<br/>value = [8, 132]<br/>class = r>, fillcolor="#399de5f0"] ;
272 -> 273 ;
274 [label=<Age (years) &le; 34.5<br/>gini = 0.2449<br/>samples = 35<br/>value = [5, 30]<br/>class = r>, fillcolor="#399de5d4"] ;
273 -> 274 ;
275 [label=<No of Credits at this Bank &le; 1.5<br/>gini = 0.4444<br/>samples = 15<br/>value = [5, 10]<br/>class = r>, fillcolor="#399de57f"] ;
274 -> 275 ;
276 [label=<Credit Amount &le; 1989.0<br/>gini = 0.5<br/>samples = 10<br/>value = [5, 5]<br/>class = C>, fillcolor="#e5813900"] ;
275 -> 276 ;
277 [label=<Sex and Marital Status &le; 2.5<br/>gini = 0.4082<br/>samples = 7<br/>value = [2, 5]<br/>class = r>, fillcolor="#399de599"] ;
276 -> 277 ;
278 [label=<Instalment per cent &le; 2.0<br/>gini = 0.4444<br/>samples = 3<br/>value = [2, 1]<br/>class = C>, fillcolor="#e581397f"] ;
277 -> 278 ;
279 [label=<gini = 0.0<br/>samples = 1<br/>value = [0, 1]<br/>class = r>, fillcolor="#399de5ff"] ;
278 -> 279 ;
280 [label=<gini = 0.0<br/>samples = 2<br/>value = [2, 0]<br/>class = C>, fillcolor="#e58139ff"] ;
278 -> 280 ;
281 [label=<gini = 0.0<br/>samples = 4<br/>value = [0, 4]<br/>class = r>, fillcolor="#399de5ff"] ;
277 -> 281 ;
282 [label=<gini = 0.0<br/>samples = 3<br/>value = [3, 0]<br/>class = C>, fillcolor="#e58139ff"] ;
276 -> 282 ;
283 [label=<gini = 0.0<br/>samples = 5<br/>value = [0, 5]<br/>class = r>, fillcolor="#399de5ff"] ;
275 -> 283 ;
284 [label=<gini = 0.0<br/>samples = 20<br/>value = [0, 20]<br/>class = r>, fillcolor="#399de5ff"] ;
274 -> 284 ;
285 [label=<Type of apartment &le; 2.5<br/>gini = 0.0555<br/>samples = 105<br/>value = [3, 102]<br/>class = r>, fillcolor="#399de5f8"] ;
273 -> 285 ;
286 [label=<Purpose &le; 0.5<br/>gini = 0.0396<br/>samples = 99<br/>value = [2, 97]<br/>class = r>, fillcolor="#399de5fa"] ;
285 -> 286 ;
287 [label=<Concurrent Credits &le; 1.5<br/>gini = 0.1588<br/>samples = 23<br/>value = [2, 21]<br/>class = r>, fillcolor="#399de5e7"] ;
286 -> 287 ;
288 [label=<Value Savings/Stocks &le; 1.5<br/>gini = 0.5<br/>samples = 2<br/>value = [1, 1]<br/>class = C>, fillcolor="#e5813900"] ;
287 -> 288 ;
289 [label=<gini = 0.0<br/>samples = 1<br/>value = [1, 0]<br/>class = C>, fillcolor="#e58139ff"] ;
288 -> 289 ;
290 [label=<gini = 0.0<br/>samples = 1<br/>value = [0, 1]<br/>class = r>, fillcolor="#399de5ff"] ;
288 -> 290 ;
291 [label=<Age (years) &le; 26.5<br/>gini = 0.0907<br/>samples = 21<br/>value = [1, 20]<br/>class = r>, fillcolor="#399de5f2"] ;
287 -> 291 ;
292 [label=<Sex and Marital Status &le; 2.5<br/>gini = 0.4444<br/>samples = 3<br/>value = [1, 2]<br/>class = r>, fillcolor="#399de57f"] ;
291 -> 292 ;
293 [label=<gini = 0.0<br/>samples = 1<br/>value = [1, 0]<br/>class = C>, fillcolor="#e58139ff"] ;
292 -> 293 ;
294 [label=<gini = 0.0<br/>samples = 2<br/>value = [0, 2]<br/>class = r>, fillcolor="#399de5ff"] ;
292 -> 294 ;
295 [label=<gini = 0.0<br/>samples = 18<br/>value = [0, 18]<br/>class = r>, fillcolor="#399de5ff"] ;
291 -> 295 ;
296 [label=<gini = 0.0<br/>samples = 76<br/>value = [0, 76]<br/>class = r>, fillcolor="#399de5ff"] ;
286 -> 296 ;
297 [label=<Account Balance &le; 3.5<br/>gini = 0.2778<br/>samples = 6<br/>value = [1, 5]<br/>class = r>, fillcolor="#399de5cc"] ;
285 -> 297 ;
298 [label=<gini = 0.0<br/>samples = 1<br/>value = [1, 0]<br/>class = C>, fillcolor="#e58139ff"] ;
297 -> 298 ;
299 [label=<gini = 0.0<br/>samples = 5<br/>value = [0, 5]<br/>class = r>, fillcolor="#399de5ff"] ;
297 -> 299 ;
300 [label=<Occupation &le; 3.5<br/>gini = 0.375<br/>samples = 8<br/>value = [2, 6]<br/>class = r>, fillcolor="#399de5aa"] ;
272 -> 300 ;
301 [label=<Type of apartment &le; 1.5<br/>gini = 0.2449<br/>samples = 7<br/>value = [1, 6]<br/>class = r>, fillcolor="#399de5d4"] ;
300 -> 301 ;
302 [label=<gini = 0.0<br/>samples = 1<br/>value = [1, 0]<br/>class = C>, fillcolor="#e58139ff"] ;
301 -> 302 ;
303 [label=<gini = 0.0<br/>samples = 6<br/>value = [0, 6]<br/>class = r>, fillcolor="#399de5ff"] ;
301 -> 303 ;
304 [label=<gini = 0.0<br/>samples = 1<br/>value = [1, 0]<br/>class = C>, fillcolor="#e58139ff"] ;
300 -> 304 ;
305 [label=<Concurrent Credits &le; 2.5<br/>gini = 0.4043<br/>samples = 32<br/>value = [9, 23]<br/>class = r>, fillcolor="#399de59b"] ;
267 -> 305 ;
306 [label=<Instalment per cent &le; 2.5<br/>gini = 0.2778<br/>samples = 6<br/>value = [5, 1]<br/>class = C>, fillcolor="#e58139cc"] ;
305 -> 306 ;
307 [label=<gini = 0.0<br/>samples = 1<br/>value = [0, 1]<br/>class = r>, fillcolor="#399de5ff"] ;
306 -> 307 ;
308 [label=<gini = 0.0<br/>samples = 5<br/>value = [5, 0]<br/>class = C>, fillcolor="#e58139ff"] ;
306 -> 308 ;
309 [label=<Credit Amount &le; 1803.5<br/>gini = 0.2604<br/>samples = 26<br/>value = [4, 22]<br/>class = r>, fillcolor="#399de5d1"] ;
305 -> 309 ;
310 [label=<gini = 0.0<br/>samples = 12<br/>value = [0, 12]<br/>class = r>, fillcolor="#399de5ff"] ;
309 -> 310 ;
311 [label=<Duration of Credit (month) &le; 22.5<br/>gini = 0.4082<br/>samples = 14<br/>value = [4, 10]<br/>class = r>, fillcolor="#399de599"] ;
309 -> 311 ;
312 [label=<Credit Amount &le; 2883.0<br/>gini = 0.4444<br/>samples = 6<br/>value = [4, 2]<br/>class = C>, fillcolor="#e581397f"] ;
311 -> 312 ;
313 [label=<gini = 0.0<br/>samples = 4<br/>value = [4, 0]<br/>class = C>, fillcolor="#e58139ff"] ;
312 -> 313 ;
314 [label=<gini = 0.0<br/>samples = 2<br/>value = [0, 2]<br/>class = r>, fillcolor="#399de5ff"] ;
312 -> 314 ;
315 [label=<gini = 0.0<br/>samples = 8<br/>value = [0, 8]<br/>class = r>, fillcolor="#399de5ff"] ;
311 -> 315 ;
316 [label=<Age (years) &le; 24.0<br/>gini = 0.4734<br/>samples = 13<br/>value = [5, 8]<br/>class = r>, fillcolor="#399de560"] ;
266 -> 316 ;
317 [label=<gini = 0.0<br/>samples = 2<br/>value = [2, 0]<br/>class = C>, fillcolor="#e58139ff"] ;
316 -> 317 ;
318 [label=<Instalment per cent &le; 3.0<br/>gini = 0.3967<br/>samples = 11<br/>value = [3, 8]<br/>class = r>, fillcolor="#399de59f"] ;
316 -> 318 ;
319 [label=<gini = 0.0<br/>samples = 6<br/>value = [0, 6]<br/>class = r>, fillcolor="#399de5ff"] ;
318 -> 319 ;
320 [label=<Sex and Marital Status &le; 2.5<br/>gini = 0.48<br/>samples = 5<br/>value = [3, 2]<br/>class = C>, fillcolor="#e5813955"] ;
318 -> 320 ;
321 [label=<gini = 0.0<br/>samples = 2<br/>value = [0, 2]<br/>class = r>, fillcolor="#399de5ff"] ;
320 -> 321 ;
322 [label=<gini = 0.0<br/>samples = 3<br/>value = [3, 0]<br/>class = C>, fillcolor="#e58139ff"] ;
320 -> 322 ;
323 [label=<Credit Amount &le; 9569.0<br/>gini = 0.4783<br/>samples = 48<br/>value = [19, 29]<br/>class = r>, fillcolor="#399de558"] ;
265 -> 323 ;
324 [label=<Most valuable available asset &le; 3.5<br/>gini = 0.4543<br/>samples = 43<br/>value = [15, 28]<br/>class = r>, fillcolor="#399de576"] ;
323 -> 324 ;
325 [label=<Telephone &le; 1.5<br/>gini = 0.4861<br/>samples = 36<br/>value = [15, 21]<br/>class = r>, fillcolor="#399de549"] ;
324 -> 325 ;
326 [label=<Credit Amount &le; 4241.0<br/>gini = 0.3457<br/>samples = 18<br/>value = [4, 14]<br/>class = r>, fillcolor="#399de5b6"] ;
325 -> 326 ;
327 [label=<gini = 0.0<br/>samples = 2<br/>value = [2, 0]<br/>class = C>, fillcolor="#e58139ff"] ;
326 -> 327 ;
328 [label=<Duration of Credit (month) &le; 8.5<br/>gini = 0.2188<br/>samples = 16<br/>value = [2, 14]<br/>class = r>, fillcolor="#399de5db"] ;
326 -> 328 ;
329 [label=<gini = 0.0<br/>samples = 1<br/>value = [1, 0]<br/>class = C>, fillcolor="#e58139ff"] ;
328 -> 329 ;
330 [label=<Age (years) &le; 55.5<br/>gini = 0.1244<br/>samples = 15<br/>value = [1, 14]<br/>class = r>, fillcolor="#399de5ed"] ;
328 -> 330 ;
331 [label=<gini = 0.0<br/>samples = 14<br/>value = [0, 14]<br/>class = r>, fillcolor="#399de5ff"] ;
330 -> 331 ;
332 [label=<gini = 0.0<br/>samples = 1<br/>value = [1, 0]<br/>class = C>, fillcolor="#e58139ff"] ;
330 -> 332 ;
333 [label=<Duration of Credit (month) &le; 29.0<br/>gini = 0.4753<br/>samples = 18<br/>value = [11, 7]<br/>class = C>, fillcolor="#e581395d"] ;
325 -> 333 ;
334 [label=<Instalment per cent &le; 1.5<br/>gini = 0.4861<br/>samples = 12<br/>value = [5, 7]<br/>class = r>, fillcolor="#399de549"] ;
333 -> 334 ;
335 [label=<gini = 0.0<br/>samples = 2<br/>value = [2, 0]<br/>class = C>, fillcolor="#e58139ff"] ;
334 -> 335 ;
336 [label=<Purpose &le; 4.5<br/>gini = 0.42<br/>samples = 10<br/>value = [3, 7]<br/>class = r>, fillcolor="#399de592"] ;
334 -> 336 ;
337 [label=<gini = 0.0<br/>samples = 6<br/>value = [0, 6]<br/>class = r>, fillcolor="#399de5ff"] ;
336 -> 337 ;
338 [label=<Age (years) &le; 64.0<br/>gini = 0.375<br/>samples = 4<br/>value = [3, 1]<br/>class = C>, fillcolor="#e58139aa"] ;
336 -> 338 ;
339 [label=<gini = 0.0<br/>samples = 3<br/>value = [3, 0]<br/>class = C>, fillcolor="#e58139ff"] ;
338 -> 339 ;
340 [label=<gini = 0.0<br/>samples = 1<br/>value = [0, 1]<br/>class = r>, fillcolor="#399de5ff"] ;
338 -> 340 ;
341 [label=<gini = 0.0<br/>samples = 6<br/>value = [6, 0]<br/>class = C>, fillcolor="#e58139ff"] ;
333 -> 341 ;
342 [label=<gini = 0.0<br/>samples = 7<br/>value = [0, 7]<br/>class = r>, fillcolor="#399de5ff"] ;
324 -> 342 ;
343 [label=<Value Savings/Stocks &le; 4.0<br/>gini = 0.32<br/>samples = 5<br/>value = [4, 1]<br/>class = C>, fillcolor="#e58139bf"] ;
323 -> 343 ;
344 [label=<gini = 0.0<br/>samples = 4<br/>value = [4, 0]<br/>class = C>, fillcolor="#e58139ff"] ;
343 -> 344 ;
345 [label=<gini = 0.0<br/>samples = 1<br/>value = [0, 1]<br/>class = r>, fillcolor="#399de5ff"] ;
343 -> 345 ;
346 [label=<No of dependents &le; 1.5<br/>gini = 0.1384<br/>samples = 214<br/>value = [16, 198]<br/>class = r>, fillcolor="#399de5ea"] ;
264 -> 346 ;
347 [label=<Age (years) &le; 22.5<br/>gini = 0.0887<br/>samples = 172<br/>value = [8, 164]<br/>class = r>, fillcolor="#399de5f3"] ;
346 -> 347 ;
348 [label=<Age (years) &le; 21.5<br/>gini = 0.4082<br/>samples = 7<br/>value = [2, 5]<br/>class = r>, fillcolor="#399de599"] ;
347 -> 348 ;
349 [label=<gini = 0.0<br/>samples = 5<br/>value = [0, 5]<br/>class = r>, fillcolor="#399de5ff"] ;
348 -> 349 ;
350 [label=<gini = 0.0<br/>samples = 2<br/>value = [2, 0]<br/>class = C>, fillcolor="#e58139ff"] ;
348 -> 350 ;
351 [label=<Age (years) &le; 65.5<br/>gini = 0.0701<br/>samples = 165<br/>value = [6, 159]<br/>class = r>, fillcolor="#399de5f5"] ;
347 -> 351 ;
352 [label=<Credit Amount &le; 11578.5<br/>gini = 0.0595<br/>samples = 163<br/>value = [5, 158]<br/>class = r>, fillcolor="#399de5f7"] ;
351 -> 352 ;
353 [label=<Concurrent Credits &le; 1.5<br/>gini = 0.0487<br/>samples = 160<br/>value = [4, 156]<br/>class = r>, fillcolor="#399de5f8"] ;
352 -> 353 ;
354 [label=<Instalment per cent &le; 3.5<br/>gini = 0.2449<br/>samples = 14<br/>value = [2, 12]<br/>class = r>, fillcolor="#399de5d4"] ;
353 -> 354 ;
355 [label=<Sex and Marital Status &le; 2.5<br/>gini = 0.4444<br/>samples = 6<br/>value = [2, 4]<br/>class = r>, fillcolor="#399de57f"] ;
354 -> 355 ;
356 [label=<gini = 0.0<br/>samples = 4<br/>value = [0, 4]<br/>class = r>, fillcolor="#399de5ff"] ;
355 -> 356 ;
357 [label=<gini = 0.0<br/>samples = 2<br/>value = [2, 0]<br/>class = C>, fillcolor="#e58139ff"] ;
355 -> 357 ;
358 [label=<gini = 0.0<br/>samples = 8<br/>value = [0, 8]<br/>class = r>, fillcolor="#399de5ff"] ;
354 -> 358 ;
359 [label=<No of Credits at this Bank &le; 2.5<br/>gini = 0.027<br/>samples = 146<br/>value = [2, 144]<br/>class = r>, fillcolor="#399de5fb"] ;
353 -> 359 ;
360 [label=<Age (years) &le; 31.5<br/>gini = 0.014<br/>samples = 142<br/>value = [1, 141]<br/>class = r>, fillcolor="#399de5fd"] ;
359 -> 360 ;
361 [label=<Age (years) &le; 30.5<br/>gini = 0.054<br/>samples = 36<br/>value = [1, 35]<br/>class = r>, fillcolor="#399de5f8"] ;
360 -> 361 ;
362 [label=<gini = 0.0<br/>samples = 31<br/>value = [0, 31]<br/>class = r>, fillcolor="#399de5ff"] ;
361 -> 362 ;
363 [label=<No of Credits at this Bank &le; 1.5<br/>gini = 0.32<br/>samples = 5<br/>value = [1, 4]<br/>class = r>, fillcolor="#399de5bf"] ;
361 -> 363 ;
364 [label=<gini = 0.0<br/>samples = 3<br/>value = [0, 3]<br/>class = r>, fillcolor="#399de5ff"] ;
363 -> 364 ;
365 [label=<Purpose &le; 6.0<br/>gini = 0.5<br/>samples = 2<br/>value = [1, 1]<br/>class = C>, fillcolor="#e5813900"] ;
363 -> 365 ;
366 [label=<gini = 0.0<br/>samples = 1<br/>value = [1, 0]<br/>class = C>, fillcolor="#e58139ff"] ;
365 -> 366 ;
367 [label=<gini = 0.0<br/>samples = 1<br/>value = [0, 1]<br/>class = r>, fillcolor="#399de5ff"] ;
365 -> 367 ;
368 [label=<gini = 0.0<br/>samples = 106<br/>value = [0, 106]<br/>class = r>, fillcolor="#399de5ff"] ;
360 -> 368 ;
369 [label=<Purpose &le; 1.0<br/>gini = 0.375<br/>samples = 4<br/>value = [1, 3]<br/>class = r>, fillcolor="#399de5aa"] ;
359 -> 369 ;
370 [label=<gini = 0.0<br/>samples = 1<br/>value = [1, 0]<br/>class = C>, fillcolor="#e58139ff"] ;
369 -> 370 ;
371 [label=<gini = 0.0<br/>samples = 3<br/>value = [0, 3]<br/>class = r>, fillcolor="#399de5ff"] ;
369 -> 371 ;
372 [label=<Duration of Credit (month) &le; 34.5<br/>gini = 0.4444<br/>samples = 3<br/>value = [1, 2]<br/>class = r>, fillcolor="#399de57f"] ;
352 -> 372 ;
373 [label=<gini = 0.0<br/>samples = 1<br/>value = [1, 0]<br/>class = C>, fillcolor="#e58139ff"] ;
372 -> 373 ;
374 [label=<gini = 0.0<br/>samples = 2<br/>value = [0, 2]<br/>class = r>, fillcolor="#399de5ff"] ;
372 -> 374 ;
375 [label=<Length of current employment &le; 4.5<br/>gini = 0.5<br/>samples = 2<br/>value = [1, 1]<br/>class = C>, fillcolor="#e5813900"] ;
351 -> 375 ;
376 [label=<gini = 0.0<br/>samples = 1<br/>value = [0, 1]<br/>class = r>, fillcolor="#399de5ff"] ;
375 -> 376 ;
377 [label=<gini = 0.0<br/>samples = 1<br/>value = [1, 0]<br/>class = C>, fillcolor="#e58139ff"] ;
375 -> 377 ;
378 [label=<Credit Amount &le; 1270.0<br/>gini = 0.3084<br/>samples = 42<br/>value = [8, 34]<br/>class = r>, fillcolor="#399de5c3"] ;
346 -> 378 ;
379 [label=<No of Credits at this Bank &le; 1.5<br/>gini = 0.4444<br/>samples = 6<br/>value = [4, 2]<br/>class = C>, fillcolor="#e581397f"] ;
378 -> 379 ;
380 [label=<gini = 0.0<br/>samples = 4<br/>value = [4, 0]<br/>class = C>, fillcolor="#e58139ff"] ;
379 -> 380 ;
381 [label=<gini = 0.0<br/>samples = 2<br/>value = [0, 2]<br/>class = r>, fillcolor="#399de5ff"] ;
379 -> 381 ;
382 [label=<Age (years) &le; 54.5<br/>gini = 0.1975<br/>samples = 36<br/>value = [4, 32]<br/>class = r>, fillcolor="#399de5df"] ;
378 -> 382 ;
383 [label=<Purpose &le; 0.5<br/>gini = 0.1567<br/>samples = 35<br/>value = [3, 32]<br/>class = r>, fillcolor="#399de5e7"] ;
382 -> 383 ;
384 [label=<Concurrent Credits &le; 2.0<br/>gini = 0.3967<br/>samples = 11<br/>value = [3, 8]<br/>class = r>, fillcolor="#399de59f"] ;
383 -> 384 ;
385 [label=<gini = 0.0<br/>samples = 2<br/>value = [2, 0]<br/>class = C>, fillcolor="#e58139ff"] ;
384 -> 385 ;
386 [label=<Age (years) &le; 46.5<br/>gini = 0.1975<br/>samples = 9<br/>value = [1, 8]<br/>class = r>, fillcolor="#399de5df"] ;
384 -> 386 ;
387 [label=<gini = 0.0<br/>samples = 8<br/>value = [0, 8]<br/>class = r>, fillcolor="#399de5ff"] ;
386 -> 387 ;
388 [label=<gini = 0.0<br/>samples = 1<br/>value = [1, 0]<br/>class = C>, fillcolor="#e58139ff"] ;
386 -> 388 ;
389 [label=<gini = 0.0<br/>samples = 24<br/>value = [0, 24]<br/>class = r>, fillcolor="#399de5ff"] ;
383 -> 389 ;
390 [label=<gini = 0.0<br/>samples = 1<br/>value = [1, 0]<br/>class = C>, fillcolor="#e58139ff"] ;
382 -> 390 ;
}